<?xml version="1.0" encoding="UTF-8"?>
<!-- Generated by org.testng.reporters.JUnitXMLReporter -->
<testsuite ignored="3" hostname="DESKTOP-OTIQ28N" failures="0" tests="1" name="Surefire test" time="7.354" errors="0" timestamp="06 авг. 2023 16:52:34 GMT">
  <testcase classname="LoginTest" name="checkUserNameAfterLogin" time="5.16"/>
  <testcase classname="SearchTest" name="shouldBeVisibleUbisoftTitle" time="0.0">
    <ignored/>
  </testcase> <!-- shouldBeVisibleUbisoftTitle -->
  <testcase classname="ValidationTest" name="checkPasswordValidation" time="0.0">
    <ignored/>
  </testcase> <!-- checkPasswordValidation -->
  <testcase classname="ValidationTest" name="checkUserNameValidation" time="0.0">
    <ignored/>
  </testcase> <!-- checkUserNameValidation -->
</testsuite> <!-- Surefire test -->
