<?xml version="1.0" encoding="UTF-8"?>
<testng-results ignored="3" total="4" passed="1" failed="0" skipped="0">
  <reporter-output>
  </reporter-output>
  <suite started-at="2023-08-06T16:52:26Z" name="Surefire suite" finished-at="2023-08-06T16:52:34Z" duration-ms="7354">
    <groups>
      <group name="Smoke">
        <method signature="LoginTest.checkUserNameAfterLogin()[pri:0, instance:LoginTest@292b08d6]" name="checkUserNameAfterLogin" class="LoginTest"/>
      </group> <!-- Smoke -->
    </groups>
    <test started-at="2023-08-06T16:52:26Z" name="Surefire test" finished-at="2023-08-06T16:52:34Z" duration-ms="7354">
      <class name="LoginTest">
        <test-method is-config="true" signature="setUp()[pri:0, instance:LoginTest@292b08d6]" started-at="2023-08-06T16:52:26Z" name="setUp" finished-at="2023-08-06T16:52:28Z" duration-ms="2084" status="PASS">
          <reporter-output>
          </reporter-output>
        </test-method> <!-- setUp -->
        <test-method signature="checkUserNameAfterLogin()[pri:0, instance:LoginTest@292b08d6]" started-at="2023-08-06T16:52:28Z" name="checkUserNameAfterLogin" finished-at="2023-08-06T16:52:34Z" duration-ms="5160" status="PASS">
          <reporter-output>
          </reporter-output>
        </test-method> <!-- checkUserNameAfterLogin -->
        <test-method is-config="true" signature="tearDown()[pri:0, instance:LoginTest@292b08d6]" started-at="2023-08-06T16:52:34Z" name="tearDown" finished-at="2023-08-06T16:52:34Z" duration-ms="88" status="PASS">
          <reporter-output>
          </reporter-output>
        </test-method> <!-- tearDown -->
      </class> <!-- LoginTest -->
    </test> <!-- Surefire test -->
  </suite> <!-- Surefire suite -->
</testng-results>
